<?xml version="1.0" encoding="UTF-8"?>
<!-- Generated by org.testng.reporters.JUnitReportReporter -->
<testsuite skipped="0" hostname="YY134122" name="TestPackage.LoginPage" tests="2" failures="0" timestamp="19 Oct 2020 09:29:38 GMT" time="216.839" errors="0">
  <testcase name="LoginTest_FacilityAdmin" time="200.767" classname="TestPackage.LoginPage"/>
  <testcase name="ApplicationLaunch" time="16.072" classname="TestPackage.LoginPage"/>
</testsuite> <!-- TestPackage.LoginPage -->
