<?xml version="1.0" encoding="UTF-8"?>
<!-- Generated by org.testng.reporters.JUnitReportReporter -->
<testsuite skipped="0" hostname="YY134122" name="TestPackage.PatientRegistration" tests="1" failures="0" timestamp="15 Oct 2020 05:37:46 GMT" time="61.609" errors="0">
  <testcase name="PatientRegistration" time="61.609" classname="TestPackage.PatientRegistration"/>
</testsuite> <!-- TestPackage.PatientRegistration -->
