<?xml version="1.0" encoding="UTF-8"?>
<!-- Generated by org.testng.reporters.JUnitReportReporter -->
<testsuite skipped="0" hostname="YY134122" name="TestPackage.WaitLtChecklist" tests="1" failures="0" timestamp="13 Oct 2020 12:29:58 GMT" time="88.525" errors="0">
  <testcase name="WaitLtChecklist" time="88.525" classname="TestPackage.WaitLtChecklist"/>
</testsuite> <!-- TestPackage.WaitLtChecklist -->
