<?xml version="1.0" encoding="UTF-8"?>
<!-- Generated by org.testng.reporters.JUnitReportReporter -->
<testsuite skipped="0" hostname="YY134122" name="TestPackage.AddOrder" tests="1" failures="0" timestamp="10 Sep 2020 14:40:04 GMT" time="12.908" errors="0">
  <testcase name="AddOrder" time="12.908" classname="TestPackage.AddOrder"/>
</testsuite> <!-- TestPackage.AddOrder -->
