<?xml version="1.0" encoding="UTF-8"?>
<!-- Generated by org.testng.reporters.JUnitReportReporter -->
<testsuite skipped="0" hostname="YY134122" name="TestPackage.UnschORLtChecklist" tests="1" failures="0" timestamp="13 Oct 2020 10:55:29 GMT" time="99.431" errors="0">
  <testcase name="UnschORLtChecklist" time="99.431" classname="TestPackage.UnschORLtChecklist"/>
</testsuite> <!-- TestPackage.UnschORLtChecklist -->
