<?xml version="1.0" encoding="UTF-8"?>
<!-- Generated by org.testng.reporters.JUnitReportReporter -->
<testsuite skipped="0" hostname="YY134122" name="extentreport.ExtentReportsClass" tests="1" failures="0" timestamp="12 Oct 2020 10:01:42 GMT" time="15.323" errors="0">
  <testcase name="ApplicationLaunch" time="15.323" classname="extentreport.ExtentReportsClass"/>
</testsuite> <!-- extentreport.ExtentReportsClass -->
